<?xml version="1.0" encoding="UTF-8"?>
<!-- Generated by org.testng.reporters.JUnitXMLReporter -->
<testsuite hostname="User" ignored="0" name="Default test" tests="3" failures="0" timestamp="16 Mar 2020 04:54:33 GMT" time="42.858" errors="0">
  <testcase name="checkProductPageLabel" time="0.094" classname="com.SauceDemoAutomation.qa.test.HomePageTest"/>
  <testcase name="AddTshirtToTheCart" time="0.242" classname="com.SauceDemoAutomation.qa.test.HomePageTest"/>
  <testcase name="clickYourCartBtn" time="0.271" classname="com.SauceDemoAutomation.qa.test.HomePageTest"/>
</testsuite> <!-- Default test -->
