<?xml version="1.0" encoding="UTF-8"?>
<testng-results skipped="0" failed="0" ignored="0" total="3" passed="3">
  <reporter-output>
  </reporter-output>
  <suite name="Default suite" duration-ms="42858" started-at="2020-03-16T04:53:50Z" finished-at="2020-03-16T04:54:33Z">
    <groups>
    </groups>
    <test name="Default test" duration-ms="42858" started-at="2020-03-16T04:53:50Z" finished-at="2020-03-16T04:54:33Z">
      <class name="com.SauceDemoAutomation.qa.test.HomePageTest">
        <test-method status="PASS" signature="setUp()[pri:0, instance:com.SauceDemoAutomation.qa.test.HomePageTest@548e7350]" name="setUp" is-config="true" duration-ms="15075" started-at="2020-03-16T04:53:51Z" finished-at="2020-03-16T04:54:06Z">
          <reporter-output>
          </reporter-output>
        </test-method> <!-- setUp -->
        <test-method status="PASS" signature="checkProductPageLabel()[pri:1, instance:com.SauceDemoAutomation.qa.test.HomePageTest@548e7350]" name="checkProductPageLabel" duration-ms="94" started-at="2020-03-16T04:54:06Z" finished-at="2020-03-16T04:54:06Z">
          <reporter-output>
          </reporter-output>
        </test-method> <!-- checkProductPageLabel -->
        <test-method status="PASS" signature="tearDown()[pri:0, instance:com.SauceDemoAutomation.qa.test.HomePageTest@548e7350]" name="tearDown" is-config="true" duration-ms="833" started-at="2020-03-16T04:54:06Z" finished-at="2020-03-16T04:54:07Z">
          <reporter-output>
          </reporter-output>
        </test-method> <!-- tearDown -->
        <test-method status="PASS" signature="setUp()[pri:0, instance:com.SauceDemoAutomation.qa.test.HomePageTest@548e7350]" name="setUp" is-config="true" duration-ms="12394" started-at="2020-03-16T04:54:07Z" finished-at="2020-03-16T04:54:19Z">
          <reporter-output>
          </reporter-output>
        </test-method> <!-- setUp -->
        <test-method status="PASS" signature="AddTshirtToTheCart()[pri:2, instance:com.SauceDemoAutomation.qa.test.HomePageTest@548e7350]" name="AddTshirtToTheCart" duration-ms="242" started-at="2020-03-16T04:54:19Z" finished-at="2020-03-16T04:54:19Z">
          <reporter-output>
          </reporter-output>
        </test-method> <!-- AddTshirtToTheCart -->
        <test-method status="PASS" signature="tearDown()[pri:0, instance:com.SauceDemoAutomation.qa.test.HomePageTest@548e7350]" name="tearDown" is-config="true" duration-ms="760" started-at="2020-03-16T04:54:19Z" finished-at="2020-03-16T04:54:20Z">
          <reporter-output>
          </reporter-output>
        </test-method> <!-- tearDown -->
        <test-method status="PASS" signature="setUp()[pri:0, instance:com.SauceDemoAutomation.qa.test.HomePageTest@548e7350]" name="setUp" is-config="true" duration-ms="12330" started-at="2020-03-16T04:54:20Z" finished-at="2020-03-16T04:54:32Z">
          <reporter-output>
          </reporter-output>
        </test-method> <!-- setUp -->
        <test-method status="PASS" signature="clickYourCartBtn()[pri:3, instance:com.SauceDemoAutomation.qa.test.HomePageTest@548e7350]" name="clickYourCartBtn" duration-ms="271" started-at="2020-03-16T04:54:32Z" finished-at="2020-03-16T04:54:33Z">
          <reporter-output>
          </reporter-output>
        </test-method> <!-- clickYourCartBtn -->
        <test-method status="PASS" signature="tearDown()[pri:0, instance:com.SauceDemoAutomation.qa.test.HomePageTest@548e7350]" name="tearDown" is-config="true" duration-ms="795" started-at="2020-03-16T04:54:33Z" finished-at="2020-03-16T04:54:33Z">
          <reporter-output>
          </reporter-output>
        </test-method> <!-- tearDown -->
      </class> <!-- com.SauceDemoAutomation.qa.test.HomePageTest -->
    </test> <!-- Default test -->
  </suite> <!-- Default suite -->
</testng-results>
